0 info it worked if it ends with ok
1 verbose cli [ 'node', '/usr/local/bin/npm', 'install', 'websocket' ]
2 info using npm@1.1.36
3 info using node@v0.8.2
4 verbose config file /Users/Cicucci/.npmrc
5 verbose config file /usr/local/etc/npmrc
6 verbose config file /usr/local/lib/node_modules/npm/npmrc
7 verbose read json /Users/Cicucci/Documents/Development/vrvhackday/server/package.json
8 verbose read json /Users/Cicucci/Documents/Development/vrvhackday/server/package.json
9 verbose cache add [ 'websocket', null ]
10 silly cache add name=undefined spec="websocket" args=["websocket",null]
11 verbose parsed url { pathname: 'websocket', path: 'websocket', href: 'websocket' }
12 silly lockFile 67c371fd-websocket websocket
13 verbose lock websocket /Users/Cicucci/.npm/67c371fd-websocket.lock
14 silly lockFile 67c371fd-websocket websocket
15 verbose addNamed [ 'websocket', '' ]
16 verbose addNamed [ null, '' ]
17 silly lockFile 75462c75-websocket websocket@
18 verbose lock websocket@ /Users/Cicucci/.npm/75462c75-websocket.lock
19 silly addNameRange { name: 'websocket', range: '', hasData: false }
20 verbose url raw websocket
21 verbose url resolving [ 'https://registry.npmjs.org/', './websocket' ]
22 verbose url resolved https://registry.npmjs.org/websocket
23 info retry registry request attempt 1 at 19:22:29
24 http GET https://registry.npmjs.org/websocket
25 http 200 https://registry.npmjs.org/websocket
26 silly registry.get cb [ 200,
26 silly registry.get   { vary: 'Accept',
26 silly registry.get     server: 'CouchDB/1.2.0 (Erlang OTP/R15B)',
26 silly registry.get     etag: '"51EFHAGR5ABGKV9EPAIVDF5XQ"',
26 silly registry.get     date: 'Fri, 13 Jul 2012 23:22:20 GMT',
26 silly registry.get     'content-type': 'application/json',
26 silly registry.get     'content-length': '37466' } ]
27 silly addNameRange number 2 { name: 'websocket', range: '', hasData: true }
28 silly addNameRange versions [ 'websocket',
28 silly addNameRange   [ '0.0.1',
28 silly addNameRange     '0.0.2',
28 silly addNameRange     '0.0.3',
28 silly addNameRange     '0.0.4',
28 silly addNameRange     '0.0.5',
28 silly addNameRange     '0.0.6',
28 silly addNameRange     '0.0.7',
28 silly addNameRange     '0.0.8',
28 silly addNameRange     '0.0.9',
28 silly addNameRange     '0.0.10',
28 silly addNameRange     '0.0.11',
28 silly addNameRange     '0.0.12',
28 silly addNameRange     '0.0.13',
28 silly addNameRange     '0.0.14',
28 silly addNameRange     '0.0.15',
28 silly addNameRange     '0.0.16',
28 silly addNameRange     '0.0.17',
28 silly addNameRange     '0.0.18',
28 silly addNameRange     '0.0.19',
28 silly addNameRange     '0.0.20',
28 silly addNameRange     '1.0.0',
28 silly addNameRange     '1.0.1',
28 silly addNameRange     '1.0.2',
28 silly addNameRange     '1.0.3',
28 silly addNameRange     '1.0.4',
28 silly addNameRange     '1.0.5',
28 silly addNameRange     '1.0.6' ] ]
29 verbose addNamed [ 'websocket', '1.0.6' ]
30 verbose addNamed [ '1.0.6', '1.0.6' ]
31 silly lockFile f791cd00-websocket-1-0-6 websocket@1.0.6
32 verbose lock websocket@1.0.6 /Users/Cicucci/.npm/f791cd00-websocket-1-0-6.lock
33 silly lockFile 318b8fae-rg-websocket-websocket-1-0-6-tgz https://registry.npmjs.org/websocket/-/websocket-1.0.6.tgz
34 verbose lock https://registry.npmjs.org/websocket/-/websocket-1.0.6.tgz /Users/Cicucci/.npm/318b8fae-rg-websocket-websocket-1-0-6-tgz.lock
35 verbose addRemoteTarball [ 'https://registry.npmjs.org/websocket/-/websocket-1.0.6.tgz',
35 verbose addRemoteTarball   '47bc747bdbad3fa7c83978bf86293b4683340d1c' ]
36 info retry fetch attempt 1 at 19:22:30
37 verbose fetch to= /var/folders/rv/dk_plctx55d19h418r22q4y80000gn/T/npm-33912/1342221750648-0.48288705409504473/tmp.tgz
38 http GET https://registry.npmjs.org/websocket/-/websocket-1.0.6.tgz
39 http 200 https://registry.npmjs.org/websocket/-/websocket-1.0.6.tgz
40 silly shasum updated bytes 40960
41 silly shasum updated bytes 40960
42 silly shasum updated bytes 40960
43 silly shasum updated bytes 40960
44 silly shasum updated bytes 40960
45 silly shasum updated bytes 26481
46 info shasum 47bc747bdbad3fa7c83978bf86293b4683340d1c
46 info shasum /var/folders/rv/dk_plctx55d19h418r22q4y80000gn/T/npm-33912/1342221750648-0.48288705409504473/tmp.tgz
47 verbose tar unpack /var/folders/rv/dk_plctx55d19h418r22q4y80000gn/T/npm-33912/1342221750648-0.48288705409504473/tmp.tgz
48 silly lockFile bf98f13f-0648-0-48288705409504473-package /var/folders/rv/dk_plctx55d19h418r22q4y80000gn/T/npm-33912/1342221750648-0.48288705409504473/package
49 verbose lock /var/folders/rv/dk_plctx55d19h418r22q4y80000gn/T/npm-33912/1342221750648-0.48288705409504473/package /Users/Cicucci/.npm/bf98f13f-0648-0-48288705409504473-package.lock
50 silly gunzTarPerm modes [ '755', '644' ]
51 silly gunzTarPerm extractEntry binding.gyp
52 silly gunzTarPerm extractEntry build/
53 silly gunzTarPerm extractEntry build/Release/
54 silly gunzTarPerm extractEntry build/Release/.deps/
55 silly gunzTarPerm extractEntry build/Release/.deps/Release/
56 silly gunzTarPerm extractEntry build/Release/.deps/Release/obj.target/
57 silly gunzTarPerm extractEntry build/Release/.deps/Release/obj.target/validation/
58 silly gunzTarPerm extractEntry build/Release/.deps/Release/obj.target/validation/src/
59 silly gunzTarPerm extractEntry build/Release/.deps/Release/obj.target/validation/src/validation.o.d
60 silly gunzTarPerm extractEntry build/Release/.deps/Release/validation.node.d
61 silly gunzTarPerm extractEntry example/
62 silly gunzTarPerm extractEntry example/whiteboard/
63 silly gunzTarPerm extractEntry example/whiteboard/node_modules/
64 silly gunzTarPerm extractEntry example/whiteboard/node_modules/ejs/
65 silly gunzTarPerm extractEntry example/whiteboard/node_modules/ejs/.gitmodules
66 silly gunzTarPerm extractEntry example/whiteboard/node_modules/ejs/.npmignore
67 silly gunzTarPerm extractEntry example/whiteboard/node_modules/ejs/benchmark.js
68 silly gunzTarPerm extractEntry example/whiteboard/node_modules/ejs/ejs.js
69 silly gunzTarPerm extractEntry example/whiteboard/node_modules/ejs/ejs.min.js
70 silly gunzTarPerm extractEntry example/whiteboard/node_modules/ejs/examples/
71 silly gunzTarPerm extractEntry example/whiteboard/node_modules/ejs/examples/client.html
72 silly gunzTarPerm extractEntry example/whiteboard/node_modules/ejs/examples/list.ejs
73 silly gunzTarPerm extractEntry example/whiteboard/node_modules/ejs/examples/list.js
74 silly gunzTarPerm extractEntry example/whiteboard/node_modules/ejs/History.md
75 silly gunzTarPerm extractEntry example/whiteboard/node_modules/ejs/index.js
76 silly gunzTarPerm extractEntry example/whiteboard/node_modules/ejs/lib/
77 silly gunzTarPerm extractEntry example/whiteboard/node_modules/ejs/lib/ejs.js
78 silly gunzTarPerm extractEntry example/whiteboard/node_modules/ejs/lib/filters.js
79 silly gunzTarPerm extractEntry example/whiteboard/node_modules/ejs/lib/utils.js
80 silly gunzTarPerm extractEntry example/whiteboard/node_modules/ejs/Makefile
81 silly gunzTarPerm extractEntry example/whiteboard/node_modules/ejs/package.json
82 silly gunzTarPerm extractEntry example/whiteboard/node_modules/ejs/Readme.md
83 silly gunzTarPerm extractEntry example/whiteboard/node_modules/ejs/support/
84 silly gunzTarPerm extractEntry example/whiteboard/node_modules/ejs/support/compile.js
85 silly gunzTarPerm extractEntry example/whiteboard/node_modules/ejs/support/expresso/
86 silly gunzTarPerm extractEntry example/whiteboard/node_modules/ejs/support/expresso/.gitmodules
87 silly gunzTarPerm extractEntry example/whiteboard/node_modules/ejs/support/expresso/.npmignore
88 silly gunzTarPerm extractEntry example/whiteboard/node_modules/ejs/support/expresso/bin/
89 silly gunzTarPerm extractEntry example/whiteboard/node_modules/ejs/support/expresso/bin/expresso
90 silly gunzTarPerm extractEntry example/whiteboard/node_modules/ejs/support/expresso/docs/
91 silly gunzTarPerm extractEntry example/whiteboard/node_modules/ejs/support/expresso/docs/api.html
92 silly gunzTarPerm extractEntry example/whiteboard/node_modules/ejs/support/expresso/docs/index.html
93 silly gunzTarPerm extractEntry example/whiteboard/node_modules/ejs/support/expresso/docs/index.md
94 silly gunzTarPerm extractEntry example/whiteboard/node_modules/ejs/support/expresso/docs/layout/
95 silly gunzTarPerm extractEntry example/whiteboard/node_modules/ejs/support/expresso/docs/layout/foot.html
96 silly gunzTarPerm extractEntry example/whiteboard/node_modules/ejs/support/expresso/docs/layout/head.html
97 silly gunzTarPerm extractEntry example/whiteboard/node_modules/ejs/support/expresso/History.md
98 silly gunzTarPerm extractEntry example/whiteboard/node_modules/ejs/support/expresso/lib/
99 silly gunzTarPerm extractEntry example/whiteboard/node_modules/ejs/support/expresso/lib/bar.js
100 silly gunzTarPerm extractEntry example/whiteboard/node_modules/ejs/support/expresso/lib/foo.js
101 silly gunzTarPerm extractEntry example/whiteboard/node_modules/ejs/support/expresso/Makefile
102 silly gunzTarPerm extractEntry example/whiteboard/node_modules/ejs/support/expresso/package.json
103 silly gunzTarPerm extractEntry example/whiteboard/node_modules/ejs/support/expresso/Readme.md
104 silly gunzTarPerm extractEntry example/whiteboard/node_modules/ejs/support/expresso/test/
105 silly gunzTarPerm extractEntry example/whiteboard/node_modules/ejs/support/expresso/test/assert.test.js
106 silly gunzTarPerm extractEntry example/whiteboard/node_modules/ejs/support/expresso/test/async.test.js
107 silly gunzTarPerm extractEntry example/whiteboard/node_modules/ejs/support/expresso/test/bar.test.js
108 silly gunzTarPerm extractEntry example/whiteboard/node_modules/ejs/support/expresso/test/foo.test.js
109 silly gunzTarPerm extractEntry example/whiteboard/node_modules/ejs/support/expresso/test/http.test.js
110 silly gunzTarPerm extractEntry example/whiteboard/node_modules/ejs/test/
111 silly gunzTarPerm extractEntry example/whiteboard/node_modules/ejs/test/ejs.test.js
112 silly gunzTarPerm extractEntry example/whiteboard/node_modules/express/
113 silly gunzTarPerm extractEntry example/whiteboard/node_modules/express/.npmignore
114 silly gunzTarPerm extractEntry example/whiteboard/node_modules/express/bin/
115 silly gunzTarPerm extractEntry example/whiteboard/node_modules/express/bin/express
116 silly gunzTarPerm extractEntry example/whiteboard/node_modules/express/History.md
117 silly gunzTarPerm extractEntry example/whiteboard/node_modules/express/index.js
118 silly gunzTarPerm extractEntry example/whiteboard/node_modules/express/lib/
119 silly gunzTarPerm extractEntry example/whiteboard/node_modules/express/lib/express.js
120 silly gunzTarPerm extractEntry example/whiteboard/node_modules/express/lib/http.js
121 silly gunzTarPerm extractEntry example/whiteboard/node_modules/express/lib/https.js
122 silly gunzTarPerm extractEntry example/whiteboard/node_modules/express/lib/request.js
123 silly gunzTarPerm extractEntry example/whiteboard/node_modules/express/lib/response.js
124 silly gunzTarPerm extractEntry example/whiteboard/node_modules/express/lib/router/
125 silly gunzTarPerm extractEntry example/whiteboard/node_modules/express/lib/router/collection.js
126 silly gunzTarPerm extractEntry example/whiteboard/node_modules/express/lib/router/index.js
127 silly gunzTarPerm extractEntry example/whiteboard/node_modules/express/lib/router/methods.js
128 silly gunzTarPerm extractEntry example/whiteboard/node_modules/express/lib/router/route.js
129 silly gunzTarPerm extractEntry example/whiteboard/node_modules/express/lib/utils.js
130 silly gunzTarPerm extractEntry example/whiteboard/node_modules/express/lib/view/
131 silly gunzTarPerm extractEntry example/whiteboard/node_modules/express/lib/view/partial.js
132 silly gunzTarPerm extractEntry example/whiteboard/node_modules/express/lib/view/view.js
133 silly gunzTarPerm extractEntry example/whiteboard/node_modules/express/lib/view.js
134 silly gunzTarPerm extractEntry example/whiteboard/node_modules/express/LICENSE
135 silly gunzTarPerm extractEntry example/whiteboard/node_modules/express/Makefile
136 silly gunzTarPerm extractEntry example/whiteboard/node_modules/express/node_modules/
137 silly gunzTarPerm extractEntry example/whiteboard/node_modules/express/node_modules/connect/
138 silly gunzTarPerm extractEntry example/whiteboard/node_modules/express/node_modules/connect/.npmignore
139 silly gunzTarPerm extractEntry example/whiteboard/node_modules/express/node_modules/connect/index.js
140 silly gunzTarPerm extractEntry example/whiteboard/node_modules/express/node_modules/connect/lib/
141 silly gunzTarPerm extractEntry example/whiteboard/node_modules/express/node_modules/connect/lib/cache.js
142 silly gunzTarPerm extractEntry example/whiteboard/node_modules/express/node_modules/connect/lib/connect.js
143 silly gunzTarPerm extractEntry example/whiteboard/node_modules/express/node_modules/connect/lib/http.js
144 silly gunzTarPerm extractEntry example/whiteboard/node_modules/express/node_modules/connect/lib/https.js
145 silly gunzTarPerm extractEntry example/whiteboard/node_modules/express/node_modules/connect/lib/index.js
146 silly gunzTarPerm extractEntry example/whiteboard/node_modules/express/node_modules/connect/lib/middleware/
147 silly gunzTarPerm extractEntry example/whiteboard/node_modules/express/node_modules/connect/lib/middleware/basicAuth.js
148 silly gunzTarPerm extractEntry example/whiteboard/node_modules/express/node_modules/connect/lib/middleware/bodyParser.js
149 silly gunzTarPerm extractEntry example/whiteboard/node_modules/express/node_modules/connect/lib/middleware/compiler.js
150 silly gunzTarPerm extractEntry example/whiteboard/node_modules/express/node_modules/connect/lib/middleware/cookieParser.js
151 silly gunzTarPerm extractEntry example/whiteboard/node_modules/express/node_modules/connect/lib/middleware/csrf.js
152 silly gunzTarPerm extractEntry example/whiteboard/node_modules/express/node_modules/connect/lib/middleware/directory.js
153 silly gunzTarPerm extractEntry example/whiteboard/node_modules/express/node_modules/connect/lib/middleware/errorHandler.js
154 silly gunzTarPerm extractEntry example/whiteboard/node_modules/express/node_modules/connect/lib/middleware/favicon.js
155 silly gunzTarPerm extractEntry example/whiteboard/node_modules/express/node_modules/connect/lib/middleware/limit.js
156 silly gunzTarPerm extractEntry example/whiteboard/node_modules/express/node_modules/connect/lib/middleware/logger.js
157 silly gunzTarPerm extractEntry example/whiteboard/node_modules/express/node_modules/connect/lib/middleware/methodOverride.js
158 silly gunzTarPerm extractEntry example/whiteboard/node_modules/express/node_modules/connect/lib/middleware/profiler.js
159 silly gunzTarPerm extractEntry example/whiteboard/node_modules/express/node_modules/connect/lib/middleware/query.js
160 silly gunzTarPerm extractEntry example/whiteboard/node_modules/express/node_modules/connect/lib/middleware/responseTime.js
161 silly gunzTarPerm extractEntry example/whiteboard/node_modules/express/node_modules/connect/lib/middleware/router.js
162 silly gunzTarPerm extractEntry example/whiteboard/node_modules/express/node_modules/connect/lib/middleware/session/
163 silly gunzTarPerm extractEntry example/whiteboard/node_modules/express/node_modules/connect/lib/middleware/session/cookie.js
164 silly gunzTarPerm extractEntry example/whiteboard/node_modules/express/node_modules/connect/lib/middleware/session/memory.js
165 silly gunzTarPerm extractEntry example/whiteboard/node_modules/express/node_modules/connect/lib/middleware/session/session.js
166 silly gunzTarPerm extractEntry example/whiteboard/node_modules/express/node_modules/connect/lib/middleware/session/store.js
167 silly gunzTarPerm extractEntry example/whiteboard/node_modules/express/node_modules/connect/lib/middleware/session.js
168 silly gunzTarPerm extractEntry example/whiteboard/node_modules/express/node_modules/connect/lib/middleware/static.js
169 silly gunzTarPerm extractEntry example/whiteboard/node_modules/express/node_modules/connect/lib/middleware/staticCache.js
170 silly gunzTarPerm extractEntry example/whiteboard/node_modules/express/node_modules/connect/lib/middleware/vhost.js
171 silly gunzTarPerm extractEntry example/whiteboard/node_modules/express/node_modules/connect/lib/patch.js
172 silly gunzTarPerm extractEntry example/whiteboard/node_modules/express/node_modules/connect/lib/public/
173 silly gunzTarPerm extractEntry example/whiteboard/node_modules/express/node_modules/connect/lib/public/directory.html
174 silly gunzTarPerm extractEntry example/whiteboard/node_modules/express/node_modules/connect/lib/public/error.html
175 silly gunzTarPerm extractEntry example/whiteboard/node_modules/express/node_modules/connect/lib/public/favicon.ico
176 silly gunzTarPerm extractEntry example/whiteboard/node_modules/express/node_modules/connect/lib/public/icons/
177 silly gunzTarPerm extractEntry example/whiteboard/node_modules/express/node_modules/connect/lib/public/icons/page.png
178 silly gunzTarPerm extractEntry example/whiteboard/node_modules/express/node_modules/connect/lib/public/icons/page_add.png
179 silly gunzTarPerm extractEntry example/whiteboard/node_modules/express/node_modules/connect/lib/public/icons/page_attach.png
180 silly gunzTarPerm extractEntry example/whiteboard/node_modules/express/node_modules/connect/lib/public/icons/page_code.png
181 silly gunzTarPerm extractEntry example/whiteboard/node_modules/express/node_modules/connect/lib/public/icons/page_copy.png
182 silly gunzTarPerm extractEntry example/whiteboard/node_modules/express/node_modules/connect/lib/public/icons/page_delete.png
183 silly gunzTarPerm extractEntry example/whiteboard/node_modules/express/node_modules/connect/lib/public/icons/page_edit.png
184 silly gunzTarPerm extractEntry example/whiteboard/node_modules/express/node_modules/connect/lib/public/icons/page_error.png
185 silly gunzTarPerm extractEntry example/whiteboard/node_modules/express/node_modules/connect/lib/public/icons/page_excel.png
186 silly gunzTarPerm extractEntry example/whiteboard/node_modules/express/node_modules/connect/lib/public/icons/page_find.png
187 silly gunzTarPerm extractEntry example/whiteboard/node_modules/express/node_modules/connect/lib/public/icons/page_gear.png
188 silly gunzTarPerm extractEntry example/whiteboard/node_modules/express/node_modules/connect/lib/public/icons/page_go.png
189 silly gunzTarPerm extractEntry example/whiteboard/node_modules/express/node_modules/connect/lib/public/icons/page_green.png
190 silly gunzTarPerm extractEntry example/whiteboard/node_modules/express/node_modules/connect/lib/public/icons/page_key.png
191 silly gunzTarPerm extractEntry example/whiteboard/node_modules/express/node_modules/connect/lib/public/icons/page_lightning.png
192 silly gunzTarPerm extractEntry example/whiteboard/node_modules/express/node_modules/connect/lib/public/icons/page_link.png
193 silly gunzTarPerm extractEntry example/whiteboard/node_modules/express/node_modules/connect/lib/public/icons/page_paintbrush.png
194 silly gunzTarPerm extractEntry example/whiteboard/node_modules/express/node_modules/connect/lib/public/icons/page_paste.png
195 silly gunzTarPerm extractEntry example/whiteboard/node_modules/express/node_modules/connect/lib/public/icons/page_red.png
196 silly gunzTarPerm extractEntry example/whiteboard/node_modules/express/node_modules/connect/lib/public/icons/page_refresh.png
197 silly gunzTarPerm extractEntry example/whiteboard/node_modules/express/node_modules/connect/lib/public/icons/page_save.png
198 silly gunzTarPerm extractEntry example/whiteboard/node_modules/express/node_modules/connect/lib/public/icons/page_white.png
199 silly gunzTarPerm extractEntry example/whiteboard/node_modules/express/node_modules/connect/lib/public/icons/page_white_acrobat.png
200 silly gunzTarPerm extractEntry example/whiteboard/node_modules/express/node_modules/connect/lib/public/icons/page_white_actionscript.png
201 silly gunzTarPerm extractEntry example/whiteboard/node_modules/express/node_modules/connect/lib/public/icons/page_white_add.png
202 silly gunzTarPerm extractEntry example/whiteboard/node_modules/express/node_modules/connect/lib/public/icons/page_white_c.png
203 silly gunzTarPerm extractEntry example/whiteboard/node_modules/express/node_modules/connect/lib/public/icons/page_white_camera.png
204 silly gunzTarPerm extractEntry example/whiteboard/node_modules/express/node_modules/connect/lib/public/icons/page_white_cd.png
205 silly gunzTarPerm extractEntry example/whiteboard/node_modules/express/node_modules/connect/lib/public/icons/page_white_code.png
206 silly gunzTarPerm extractEntry example/whiteboard/node_modules/express/node_modules/connect/lib/public/icons/page_white_code_red.png
207 silly gunzTarPerm extractEntry example/whiteboard/node_modules/express/node_modules/connect/lib/public/icons/page_white_coldfusion.png
208 silly gunzTarPerm extractEntry example/whiteboard/node_modules/express/node_modules/connect/lib/public/icons/page_white_compressed.png
209 silly gunzTarPerm extractEntry example/whiteboard/node_modules/express/node_modules/connect/lib/public/icons/page_white_copy.png
210 silly gunzTarPerm extractEntry example/whiteboard/node_modules/express/node_modules/connect/lib/public/icons/page_white_cplusplus.png
211 silly gunzTarPerm extractEntry example/whiteboard/node_modules/express/node_modules/connect/lib/public/icons/page_white_csharp.png
212 silly gunzTarPerm extractEntry example/whiteboard/node_modules/express/node_modules/connect/lib/public/icons/page_white_cup.png
213 silly gunzTarPerm extractEntry example/whiteboard/node_modules/express/node_modules/connect/lib/public/icons/page_white_database.png
214 silly gunzTarPerm extractEntry example/whiteboard/node_modules/express/node_modules/connect/lib/public/icons/page_white_delete.png
215 silly gunzTarPerm extractEntry example/whiteboard/node_modules/express/node_modules/connect/lib/public/icons/page_white_dvd.png
216 silly gunzTarPerm extractEntry example/whiteboard/node_modules/express/node_modules/connect/lib/public/icons/page_white_edit.png
217 silly gunzTarPerm extractEntry example/whiteboard/node_modules/express/node_modules/connect/lib/public/icons/page_white_error.png
218 silly gunzTarPerm extractEntry example/whiteboard/node_modules/express/node_modules/connect/lib/public/icons/page_white_excel.png
219 silly gunzTarPerm extractEntry example/whiteboard/node_modules/express/node_modules/connect/lib/public/icons/page_white_find.png
220 silly gunzTarPerm extractEntry example/whiteboard/node_modules/express/node_modules/connect/lib/public/icons/page_white_flash.png
221 silly gunzTarPerm extractEntry example/whiteboard/node_modules/express/node_modules/connect/lib/public/icons/page_white_freehand.png
222 silly gunzTarPerm extractEntry example/whiteboard/node_modules/express/node_modules/connect/lib/public/icons/page_white_gear.png
223 silly gunzTarPerm extractEntry example/whiteboard/node_modules/express/node_modules/connect/lib/public/icons/page_white_get.png
224 silly gunzTarPerm extractEntry example/whiteboard/node_modules/express/node_modules/connect/lib/public/icons/page_white_go.png
225 silly gunzTarPerm extractEntry example/whiteboard/node_modules/express/node_modules/connect/lib/public/icons/page_white_h.png
226 silly gunzTarPerm extractEntry example/whiteboard/node_modules/express/node_modules/connect/lib/public/icons/page_white_horizontal.png
227 silly gunzTarPerm extractEntry example/whiteboard/node_modules/express/node_modules/connect/lib/public/icons/page_white_key.png
228 silly gunzTarPerm extractEntry example/whiteboard/node_modules/express/node_modules/connect/lib/public/icons/page_white_lightning.png
229 silly gunzTarPerm extractEntry example/whiteboard/node_modules/express/node_modules/connect/lib/public/icons/page_white_link.png
230 silly gunzTarPerm extractEntry example/whiteboard/node_modules/express/node_modules/connect/lib/public/icons/page_white_magnify.png
231 silly gunzTarPerm extractEntry example/whiteboard/node_modules/express/node_modules/connect/lib/public/icons/page_white_medal.png
232 silly gunzTarPerm extractEntry example/whiteboard/node_modules/express/node_modules/connect/lib/public/icons/page_white_office.png
233 silly gunzTarPerm extractEntry example/whiteboard/node_modules/express/node_modules/connect/lib/public/icons/page_white_paint.png
234 silly gunzTarPerm extractEntry example/whiteboard/node_modules/express/node_modules/connect/lib/public/icons/page_white_paintbrush.png
235 silly gunzTarPerm extractEntry example/whiteboard/node_modules/express/node_modules/connect/lib/public/icons/page_white_paste.png
236 silly gunzTarPerm extractEntry example/whiteboard/node_modules/express/node_modules/connect/lib/public/icons/page_white_php.png
237 silly gunzTarPerm extractEntry example/whiteboard/node_modules/express/node_modules/connect/lib/public/icons/page_white_picture.png
238 silly gunzTarPerm extractEntry example/whiteboard/node_modules/express/node_modules/connect/lib/public/icons/page_white_powerpoint.png
239 silly gunzTarPerm extractEntry example/whiteboard/node_modules/express/node_modules/connect/lib/public/icons/page_white_put.png
240 silly gunzTarPerm extractEntry example/whiteboard/node_modules/express/node_modules/connect/lib/public/icons/page_white_ruby.png
241 silly gunzTarPerm extractEntry example/whiteboard/node_modules/express/node_modules/connect/lib/public/icons/page_white_stack.png
242 silly gunzTarPerm extractEntry example/whiteboard/node_modules/express/node_modules/connect/lib/public/icons/page_white_star.png
243 silly gunzTarPerm extractEntry example/whiteboard/node_modules/express/node_modules/connect/lib/public/icons/page_white_swoosh.png
244 silly gunzTarPerm extractEntry example/whiteboard/node_modules/express/node_modules/connect/lib/public/icons/page_white_text.png
245 silly gunzTarPerm extractEntry example/whiteboard/node_modules/express/node_modules/connect/lib/public/icons/page_white_text_width.png
246 silly gunzTarPerm extractEntry example/whiteboard/node_modules/express/node_modules/connect/lib/public/icons/page_white_tux.png
247 silly gunzTarPerm extractEntry example/whiteboard/node_modules/express/node_modules/connect/lib/public/icons/page_white_vector.png
248 silly gunzTarPerm extractEntry example/whiteboard/node_modules/express/node_modules/connect/lib/public/icons/page_white_visualstudio.png
249 silly gunzTarPerm extractEntry example/whiteboard/node_modules/express/node_modules/connect/lib/public/icons/page_white_width.png
250 silly gunzTarPerm extractEntry example/whiteboard/node_modules/express/node_modules/connect/lib/public/icons/page_white_word.png
251 silly gunzTarPerm extractEntry example/whiteboard/node_modules/express/node_modules/connect/lib/public/icons/page_white_world.png
252 silly gunzTarPerm extractEntry example/whiteboard/node_modules/express/node_modules/connect/lib/public/icons/page_white_wrench.png
253 silly gunzTarPerm extractEntry example/whiteboard/node_modules/express/node_modules/connect/lib/public/icons/page_white_zip.png
254 silly gunzTarPerm extractEntry example/whiteboard/node_modules/express/node_modules/connect/lib/public/icons/page_word.png
255 silly gunzTarPerm extractEntry example/whiteboard/node_modules/express/node_modules/connect/lib/public/icons/page_world.png
256 silly gunzTarPerm extractEntry example/whiteboard/node_modules/express/node_modules/connect/lib/public/style.css
257 silly gunzTarPerm extractEntry example/whiteboard/node_modules/express/node_modules/connect/lib/utils.js
258 silly gunzTarPerm extractEntry example/whiteboard/node_modules/express/node_modules/connect/LICENSE
259 silly gunzTarPerm extractEntry example/whiteboard/node_modules/express/node_modules/connect/node_modules/
260 silly gunzTarPerm extractEntry example/whiteboard/node_modules/express/node_modules/connect/node_modules/formidable/
261 silly gunzTarPerm extractEntry example/whiteboard/node_modules/express/node_modules/connect/node_modules/formidable/..travis.yml.un~
262 silly gunzTarPerm extractEntry example/whiteboard/node_modules/express/node_modules/connect/node_modules/formidable/.npmignore
263 silly gunzTarPerm extractEntry example/whiteboard/node_modules/express/node_modules/connect/node_modules/formidable/.package.json.un~
264 silly gunzTarPerm extractEntry example/whiteboard/node_modules/express/node_modules/connect/node_modules/formidable/.Readme.md.un~
265 silly gunzTarPerm extractEntry example/whiteboard/node_modules/express/node_modules/connect/node_modules/formidable/.travis.yml
266 silly gunzTarPerm extractEntry example/whiteboard/node_modules/express/node_modules/connect/node_modules/formidable/benchmark/
267 silly gunzTarPerm extractEntry example/whiteboard/node_modules/express/node_modules/connect/node_modules/formidable/benchmark/bench-multipart-parser.js
268 silly gunzTarPerm extractEntry example/whiteboard/node_modules/express/node_modules/connect/node_modules/formidable/example/
269 silly gunzTarPerm extractEntry example/whiteboard/node_modules/express/node_modules/connect/node_modules/formidable/example/post.js
270 silly gunzTarPerm extractEntry example/whiteboard/node_modules/express/node_modules/connect/node_modules/formidable/example/upload.js
271 silly gunzTarPerm extractEntry example/whiteboard/node_modules/express/node_modules/connect/node_modules/formidable/index.js
272 silly gunzTarPerm extractEntry example/whiteboard/node_modules/express/node_modules/connect/node_modules/formidable/lib/
273 silly gunzTarPerm extractEntry example/whiteboard/node_modules/express/node_modules/connect/node_modules/formidable/lib/.incoming_form.js.un~
274 silly gunzTarPerm extractEntry example/whiteboard/node_modules/express/node_modules/connect/node_modules/formidable/lib/file.js
275 silly gunzTarPerm extractEntry example/whiteboard/node_modules/express/node_modules/connect/node_modules/formidable/lib/incoming_form.js
276 silly gunzTarPerm extractEntry example/whiteboard/node_modules/express/node_modules/connect/node_modules/formidable/lib/index.js
277 silly gunzTarPerm extractEntry example/whiteboard/node_modules/express/node_modules/connect/node_modules/formidable/lib/multipart_parser.js
278 silly gunzTarPerm extractEntry example/whiteboard/node_modules/express/node_modules/connect/node_modules/formidable/lib/querystring_parser.js
279 silly gunzTarPerm extractEntry example/whiteboard/node_modules/express/node_modules/connect/node_modules/formidable/lib/util.js
280 silly gunzTarPerm extractEntry example/whiteboard/node_modules/express/node_modules/connect/node_modules/formidable/Makefile
281 silly gunzTarPerm extractEntry example/whiteboard/node_modules/express/node_modules/connect/node_modules/formidable/package.json
282 silly gunzTarPerm extractEntry example/whiteboard/node_modules/express/node_modules/connect/node_modules/formidable/Readme.md
283 silly gunzTarPerm extractEntry example/whiteboard/node_modules/express/node_modules/connect/node_modules/formidable/test/
284 silly gunzTarPerm extractEntry example/whiteboard/node_modules/express/node_modules/connect/node_modules/formidable/test/.common.js.un~
285 silly gunzTarPerm extractEntry example/whiteboard/node_modules/express/node_modules/connect/node_modules/formidable/test/.run.js.un~
286 silly gunzTarPerm extractEntry example/whiteboard/node_modules/express/node_modules/connect/node_modules/formidable/test/common.js
287 silly gunzTarPerm extractEntry example/whiteboard/node_modules/express/node_modules/connect/node_modules/formidable/test/fixture/
288 silly gunzTarPerm extractEntry example/whiteboard/node_modules/express/node_modules/connect/node_modules/formidable/test/fixture/file/
289 silly gunzTarPerm extractEntry example/whiteboard/node_modules/express/node_modules/connect/node_modules/formidable/test/fixture/file/funkyfilename.txt
290 silly gunzTarPerm extractEntry example/whiteboard/node_modules/express/node_modules/connect/node_modules/formidable/test/fixture/file/plain.txt
291 silly gunzTarPerm extractEntry example/whiteboard/node_modules/express/node_modules/connect/node_modules/formidable/test/fixture/http/
292 silly gunzTarPerm extractEntry example/whiteboard/node_modules/express/node_modules/connect/node_modules/formidable/test/fixture/http/special-chars-in-filename/
293 silly gunzTarPerm extractEntry example/whiteboard/node_modules/express/node_modules/connect/node_modules/formidable/test/fixture/http/special-chars-in-filename/info.md
294 silly gunzTarPerm extractEntry example/whiteboard/node_modules/express/node_modules/connect/node_modules/formidable/test/fixture/js/
295 silly gunzTarPerm extractEntry example/whiteboard/node_modules/express/node_modules/connect/node_modules/formidable/test/fixture/js/.special-chars-in-filename.js.un~
296 silly gunzTarPerm extractEntry example/whiteboard/node_modules/express/node_modules/connect/node_modules/formidable/test/fixture/js/no-filename.js
297 silly gunzTarPerm extractEntry example/whiteboard/node_modules/express/node_modules/connect/node_modules/formidable/test/fixture/js/special-chars-in-filename.js
298 silly gunzTarPerm extractEntry example/whiteboard/node_modules/express/node_modules/connect/node_modules/formidable/test/fixture/multipart.js
299 silly gunzTarPerm extractEntry example/whiteboard/node_modules/express/node_modules/connect/node_modules/formidable/test/integration/
300 silly gunzTarPerm extractEntry example/whiteboard/node_modules/express/node_modules/connect/node_modules/formidable/test/integration/.test-fixtures.js.un~
301 silly gunzTarPerm extractEntry example/whiteboard/node_modules/express/node_modules/connect/node_modules/formidable/test/integration/test-fixtures.js
302 silly gunzTarPerm extractEntry example/whiteboard/node_modules/express/node_modules/connect/node_modules/formidable/test/legacy/
303 silly gunzTarPerm extractEntry example/whiteboard/node_modules/express/node_modules/connect/node_modules/formidable/test/legacy/common.js
304 silly gunzTarPerm extractEntry example/whiteboard/node_modules/express/node_modules/connect/node_modules/formidable/test/legacy/integration/
305 silly gunzTarPerm extractEntry example/whiteboard/node_modules/express/node_modules/connect/node_modules/formidable/test/legacy/integration/test-multipart-parser.js
306 silly gunzTarPerm extractEntry example/whiteboard/node_modules/express/node_modules/connect/node_modules/formidable/test/legacy/simple/
307 silly gunzTarPerm extractEntry example/whiteboard/node_modules/express/node_modules/connect/node_modules/formidable/test/legacy/simple/test-file.js
308 silly gunzTarPerm extractEntry example/whiteboard/node_modules/express/node_modules/connect/node_modules/formidable/test/legacy/simple/test-incoming-form.js
309 silly gunzTarPerm extractEntry example/whiteboard/node_modules/express/node_modules/connect/node_modules/formidable/test/legacy/simple/test-multipart-parser.js
310 silly gunzTarPerm extractEntry example/whiteboard/node_modules/express/node_modules/connect/node_modules/formidable/test/legacy/simple/test-querystring-parser.js
311 silly gunzTarPerm extractEntry example/whiteboard/node_modules/express/node_modules/connect/node_modules/formidable/test/legacy/system/
312 silly gunzTarPerm extractEntry example/whiteboard/node_modules/express/node_modules/connect/node_modules/formidable/test/legacy/system/test-multi-video-upload.js
313 silly gunzTarPerm extractEntry example/whiteboard/node_modules/express/node_modules/connect/node_modules/formidable/test/run.js
314 silly gunzTarPerm extractEntry example/whiteboard/node_modules/express/node_modules/connect/node_modules/formidable/test/tmp/
315 silly gunzTarPerm extractEntry example/whiteboard/node_modules/express/node_modules/connect/node_modules/formidable/test/tmp/.empty
316 silly gunzTarPerm extractEntry example/whiteboard/node_modules/express/node_modules/connect/node_modules/formidable/test/unit/
317 silly gunzTarPerm extractEntry example/whiteboard/node_modules/express/node_modules/connect/node_modules/formidable/test/unit/.test-incoming-form.js.un~
318 silly gunzTarPerm extractEntry example/whiteboard/node_modules/express/node_modules/connect/node_modules/formidable/test/unit/test-incoming-form.js
319 silly gunzTarPerm extractEntry example/whiteboard/node_modules/express/node_modules/connect/node_modules/formidable/TODO
320 silly gunzTarPerm extractEntry example/whiteboard/node_modules/express/node_modules/connect/node_modules/formidable/tool/
321 silly gunzTarPerm extractEntry example/whiteboard/node_modules/express/node_modules/connect/node_modules/formidable/tool/record.js
322 silly gunzTarPerm extractEntry example/whiteboard/node_modules/express/node_modules/connect/package.json
323 silly gunzTarPerm extractEntry example/whiteboard/node_modules/express/node_modules/connect/test.js
324 silly gunzTarPerm extractEntry example/whiteboard/node_modules/express/node_modules/mime/
325 silly gunzTarPerm extractEntry example/whiteboard/node_modules/express/node_modules/mime/LICENSE
326 silly gunzTarPerm extractEntry example/whiteboard/node_modules/express/node_modules/mime/mime.js
327 silly gunzTarPerm extractEntry example/whiteboard/node_modules/express/node_modules/mime/package.json
328 silly gunzTarPerm extractEntry example/whiteboard/node_modules/express/node_modules/mime/README.md
329 silly gunzTarPerm extractEntry example/whiteboard/node_modules/express/node_modules/mime/test.js
330 silly gunzTarPerm extractEntry example/whiteboard/node_modules/express/node_modules/mime/types/
331 silly gunzTarPerm extractEntry example/whiteboard/node_modules/express/node_modules/mime/types/mime.types
332 silly gunzTarPerm extractEntry example/whiteboard/node_modules/express/node_modules/mime/types/node.types
333 silly gunzTarPerm extractEntry example/whiteboard/node_modules/express/node_modules/mkdirp/
334 silly gunzTarPerm extractEntry example/whiteboard/node_modules/express/node_modules/mkdirp/.gitignore.orig
335 silly gunzTarPerm extractEntry example/whiteboard/node_modules/express/node_modules/mkdirp/.gitignore.rej
336 silly gunzTarPerm extractEntry example/whiteboard/node_modules/express/node_modules/mkdirp/.npmignore
337 silly gunzTarPerm extractEntry example/whiteboard/node_modules/express/node_modules/mkdirp/examples/
338 silly gunzTarPerm extractEntry example/whiteboard/node_modules/express/node_modules/mkdirp/examples/pow.js
339 silly gunzTarPerm extractEntry example/whiteboard/node_modules/express/node_modules/mkdirp/examples/pow.js.orig
340 silly gunzTarPerm extractEntry example/whiteboard/node_modules/express/node_modules/mkdirp/examples/pow.js.rej
341 silly gunzTarPerm extractEntry example/whiteboard/node_modules/express/node_modules/mkdirp/index.js
342 silly gunzTarPerm extractEntry example/whiteboard/node_modules/express/node_modules/mkdirp/LICENSE
343 silly gunzTarPerm extractEntry example/whiteboard/node_modules/express/node_modules/mkdirp/package.json
344 silly gunzTarPerm extractEntry example/whiteboard/node_modules/express/node_modules/mkdirp/README.markdown
345 silly gunzTarPerm extractEntry example/whiteboard/node_modules/express/node_modules/mkdirp/test/
346 silly gunzTarPerm extractEntry example/whiteboard/node_modules/express/node_modules/mkdirp/test/chmod.js
347 silly gunzTarPerm extractEntry example/whiteboard/node_modules/express/node_modules/mkdirp/test/clobber.js
348 silly gunzTarPerm extractEntry example/whiteboard/node_modules/express/node_modules/mkdirp/test/mkdirp.js
349 silly gunzTarPerm extractEntry example/whiteboard/node_modules/express/node_modules/mkdirp/test/perm.js
350 silly gunzTarPerm extractEntry example/whiteboard/node_modules/express/node_modules/mkdirp/test/perm_sync.js
351 silly gunzTarPerm extractEntry example/whiteboard/node_modules/express/node_modules/mkdirp/test/race.js
352 silly gunzTarPerm extractEntry example/whiteboard/node_modules/express/node_modules/mkdirp/test/rel.js
353 silly gunzTarPerm extractEntry example/whiteboard/node_modules/express/node_modules/mkdirp/test/sync.js
354 silly gunzTarPerm extractEntry example/whiteboard/node_modules/express/node_modules/mkdirp/test/umask.js
355 silly gunzTarPerm extractEntry example/whiteboard/node_modules/express/node_modules/mkdirp/test/umask_sync.js
356 silly gunzTarPerm extractEntry example/whiteboard/node_modules/express/node_modules/qs/
357 silly gunzTarPerm extractEntry example/whiteboard/node_modules/express/node_modules/qs/.gitmodules
358 silly gunzTarPerm extractEntry example/whiteboard/node_modules/express/node_modules/qs/.npmignore
359 silly gunzTarPerm extractEntry example/whiteboard/node_modules/express/node_modules/qs/.travis.yml
360 silly gunzTarPerm extractEntry example/whiteboard/node_modules/express/node_modules/qs/benchmark.js
361 silly gunzTarPerm extractEntry example/whiteboard/node_modules/express/node_modules/qs/examples.js
362 silly gunzTarPerm extractEntry example/whiteboard/node_modules/express/node_modules/qs/History.md
363 silly gunzTarPerm extractEntry example/whiteboard/node_modules/express/node_modules/qs/index.js
364 silly gunzTarPerm extractEntry example/whiteboard/node_modules/express/node_modules/qs/lib/
365 silly gunzTarPerm extractEntry example/whiteboard/node_modules/express/node_modules/qs/lib/querystring.js
366 silly gunzTarPerm extractEntry example/whiteboard/node_modules/express/node_modules/qs/Makefile
367 silly gunzTarPerm extractEntry example/whiteboard/node_modules/express/node_modules/qs/package.json
368 silly gunzTarPerm extractEntry example/whiteboard/node_modules/express/node_modules/qs/Readme.md
369 silly gunzTarPerm extractEntry example/whiteboard/node_modules/express/node_modules/qs/test/
370 silly gunzTarPerm extractEntry example/whiteboard/node_modules/express/node_modules/qs/test/mocha.opts
371 silly gunzTarPerm extractEntry example/whiteboard/node_modules/express/node_modules/qs/test/parse.js
372 silly gunzTarPerm extractEntry example/whiteboard/node_modules/express/node_modules/qs/test/stringify.js
373 silly gunzTarPerm extractEntry example/whiteboard/node_modules/express/package.json
374 silly gunzTarPerm extractEntry example/whiteboard/node_modules/express/Readme.md
375 silly gunzTarPerm extractEntry example/whiteboard/node_modules/express/testing/
376 silly gunzTarPerm extractEntry example/whiteboard/node_modules/express/testing/foo/
377 silly gunzTarPerm extractEntry example/whiteboard/node_modules/express/testing/foo/app.js
378 silly gunzTarPerm extractEntry example/whiteboard/node_modules/express/testing/foo/package.json
379 silly gunzTarPerm extractEntry example/whiteboard/node_modules/express/testing/foo/public/
380 silly gunzTarPerm extractEntry example/whiteboard/node_modules/express/testing/foo/public/stylesheets/
381 silly gunzTarPerm extractEntry example/whiteboard/node_modules/express/testing/foo/public/stylesheets/style.css
382 silly gunzTarPerm extractEntry example/whiteboard/node_modules/express/testing/foo/routes/
383 silly gunzTarPerm extractEntry example/whiteboard/node_modules/express/testing/foo/routes/index.js
384 silly gunzTarPerm extractEntry example/whiteboard/node_modules/express/testing/foo/views/
385 silly gunzTarPerm extractEntry example/whiteboard/node_modules/express/testing/foo/views/index.jade
386 silly gunzTarPerm extractEntry example/whiteboard/node_modules/express/testing/foo/views/layout.jade
387 silly gunzTarPerm extractEntry example/whiteboard/node_modules/express/testing/index.js
388 silly gunzTarPerm extractEntry example/whiteboard/node_modules/express/testing/public/
389 silly gunzTarPerm extractEntry example/whiteboard/node_modules/express/testing/public/test.txt
390 silly gunzTarPerm extractEntry example/whiteboard/node_modules/express/testing/views/
391 silly gunzTarPerm extractEntry example/whiteboard/node_modules/express/testing/views/page.html
392 silly gunzTarPerm extractEntry example/whiteboard/node_modules/express/testing/views/page.jade
393 silly gunzTarPerm extractEntry example/whiteboard/node_modules/express/testing/views/test.md
394 silly gunzTarPerm extractEntry example/whiteboard/node_modules/express/testing/views/user/
395 silly gunzTarPerm extractEntry example/whiteboard/node_modules/express/testing/views/user/index.jade
396 silly gunzTarPerm extractEntry example/whiteboard/node_modules/express/testing/views/user/list.jade
397 silly gunzTarPerm extractEntry index.js
398 silly gunzTarPerm extractEntry lib/
399 silly gunzTarPerm extractEntry lib/Constants.js
400 silly gunzTarPerm extractEntry lib/utils.js
401 silly gunzTarPerm extractEntry lib/Validation.js
402 silly gunzTarPerm extractEntry lib/websocket.js
403 silly gunzTarPerm extractEntry lib/WebSocketClient.js
404 silly gunzTarPerm extractEntry lib/WebSocketConnection.js
405 silly gunzTarPerm extractEntry lib/WebSocketFrame.js
406 silly gunzTarPerm extractEntry lib/WebSocketRequest.js
407 silly gunzTarPerm extractEntry lib/WebSocketRouter.js
408 silly gunzTarPerm extractEntry lib/WebSocketRouterRequest.js
409 silly gunzTarPerm extractEntry lib/WebSocketServer.js
410 silly gunzTarPerm extractEntry package.json
411 silly gunzTarPerm extractEntry src/
412 silly gunzTarPerm extractEntry src/validation.cc
413 silly gunzTarPerm extractEntry vendor/
414 silly gunzTarPerm extractEntry vendor/FastBufferList.js
415 silly gunzTarPerm extractEntry vendor/node-ctype/
416 silly gunzTarPerm extractEntry vendor/node-ctype/ctio-faster.js
417 silly gunzTarPerm extractEntry wscript
418 verbose read json /var/folders/rv/dk_plctx55d19h418r22q4y80000gn/T/npm-33912/1342221750648-0.48288705409504473/package/package.json
419 silly lockFile bf98f13f-0648-0-48288705409504473-package /var/folders/rv/dk_plctx55d19h418r22q4y80000gn/T/npm-33912/1342221750648-0.48288705409504473/package
420 verbose from cache /var/folders/rv/dk_plctx55d19h418r22q4y80000gn/T/npm-33912/1342221750648-0.48288705409504473/package/package.json
421 verbose tar pack [ '/Users/Cicucci/.npm/websocket/1.0.6/package.tgz',
421 verbose tar pack   '/var/folders/rv/dk_plctx55d19h418r22q4y80000gn/T/npm-33912/1342221750648-0.48288705409504473/package' ]
422 verbose tarball /Users/Cicucci/.npm/websocket/1.0.6/package.tgz
423 verbose folder /var/folders/rv/dk_plctx55d19h418r22q4y80000gn/T/npm-33912/1342221750648-0.48288705409504473/package
424 silly lockFile 160a008d--npm-websocket-1-0-6-package-tgz /Users/Cicucci/.npm/websocket/1.0.6/package.tgz
425 verbose lock /Users/Cicucci/.npm/websocket/1.0.6/package.tgz /Users/Cicucci/.npm/160a008d--npm-websocket-1-0-6-package-tgz.lock
426 silly lockFile 160a008d--npm-websocket-1-0-6-package-tgz /Users/Cicucci/.npm/websocket/1.0.6/package.tgz
427 silly lockFile 1eff90fd-ucci-npm-websocket-1-0-6-package /Users/Cicucci/.npm/websocket/1.0.6/package
428 verbose lock /Users/Cicucci/.npm/websocket/1.0.6/package /Users/Cicucci/.npm/1eff90fd-ucci-npm-websocket-1-0-6-package.lock
429 silly lockFile 1eff90fd-ucci-npm-websocket-1-0-6-package /Users/Cicucci/.npm/websocket/1.0.6/package
430 verbose tar unpack /Users/Cicucci/.npm/websocket/1.0.6/package.tgz
431 silly lockFile 1eff90fd-ucci-npm-websocket-1-0-6-package /Users/Cicucci/.npm/websocket/1.0.6/package
432 verbose lock /Users/Cicucci/.npm/websocket/1.0.6/package /Users/Cicucci/.npm/1eff90fd-ucci-npm-websocket-1-0-6-package.lock
433 silly gunzTarPerm modes [ '755', '644' ]
434 silly gunzTarPerm extractEntry package.json
435 silly gunzTarPerm extractEntry index.js
436 silly gunzTarPerm extractEntry binding.gyp
437 silly gunzTarPerm extractEntry build/Release/.deps/Release/obj.target/validation/src/validation.o.d
438 silly gunzTarPerm extractEntry build/Release/.deps/Release/validation.node.d
439 silly gunzTarPerm extractEntry example/whiteboard/node_modules/ejs/package.json
440 silly gunzTarPerm extractEntry example/whiteboard/node_modules/ejs/.npmignore
441 silly gunzTarPerm extractEntry example/whiteboard/node_modules/ejs/index.js
442 silly gunzTarPerm extractEntry example/whiteboard/node_modules/ejs/benchmark.js
443 silly gunzTarPerm extractEntry example/whiteboard/node_modules/ejs/ejs.js
444 silly gunzTarPerm extractEntry example/whiteboard/node_modules/ejs/ejs.min.js
445 silly gunzTarPerm extractEntry example/whiteboard/node_modules/ejs/History.md
446 silly gunzTarPerm extractEntry example/whiteboard/node_modules/ejs/.gitmodules
447 silly gunzTarPerm extractEntry example/whiteboard/node_modules/ejs/lib/ejs.js
448 silly gunzTarPerm extractEntry example/whiteboard/node_modules/ejs/lib/filters.js
449 silly gunzTarPerm extractEntry example/whiteboard/node_modules/ejs/lib/utils.js
450 silly gunzTarPerm extractEntry example/whiteboard/node_modules/ejs/Makefile
451 silly gunzTarPerm extractEntry example/whiteboard/node_modules/ejs/examples/list.js
452 silly gunzTarPerm extractEntry example/whiteboard/node_modules/ejs/examples/client.html
453 silly gunzTarPerm extractEntry example/whiteboard/node_modules/ejs/examples/list.ejs
454 silly gunzTarPerm extractEntry example/whiteboard/node_modules/ejs/Readme.md
455 silly gunzTarPerm extractEntry example/whiteboard/node_modules/ejs/support/compile.js
456 silly gunzTarPerm extractEntry example/whiteboard/node_modules/ejs/support/expresso/package.json
457 silly gunzTarPerm extractEntry example/whiteboard/node_modules/ejs/support/expresso/.npmignore
458 silly gunzTarPerm extractEntry example/whiteboard/node_modules/ejs/support/expresso/.gitmodules
459 silly gunzTarPerm extractEntry example/whiteboard/node_modules/ejs/support/expresso/bin/expresso
460 silly gunzTarPerm extractEntry example/whiteboard/node_modules/ejs/support/expresso/docs/api.html
461 silly gunzTarPerm extractEntry example/whiteboard/node_modules/ejs/support/expresso/docs/index.html
462 silly gunzTarPerm extractEntry example/whiteboard/node_modules/ejs/support/expresso/docs/index.md
463 silly gunzTarPerm extractEntry example/whiteboard/node_modules/ejs/support/expresso/docs/layout/foot.html
464 silly gunzTarPerm extractEntry example/whiteboard/node_modules/ejs/support/expresso/docs/layout/head.html
465 silly gunzTarPerm extractEntry example/whiteboard/node_modules/ejs/support/expresso/History.md
466 silly gunzTarPerm extractEntry example/whiteboard/node_modules/ejs/support/expresso/lib/bar.js
467 silly gunzTarPerm extractEntry example/whiteboard/node_modules/ejs/support/expresso/lib/foo.js
468 silly gunzTarPerm extractEntry example/whiteboard/node_modules/ejs/support/expresso/Makefile
469 silly gunzTarPerm extractEntry example/whiteboard/node_modules/ejs/support/expresso/Readme.md
470 silly gunzTarPerm extractEntry example/whiteboard/node_modules/ejs/support/expresso/test/assert.test.js
471 silly gunzTarPerm extractEntry example/whiteboard/node_modules/ejs/support/expresso/test/async.test.js
472 silly gunzTarPerm extractEntry example/whiteboard/node_modules/ejs/support/expresso/test/bar.test.js
473 silly gunzTarPerm extractEntry example/whiteboard/node_modules/ejs/support/expresso/test/foo.test.js
474 silly gunzTarPerm extractEntry example/whiteboard/node_modules/ejs/support/expresso/test/http.test.js
475 silly gunzTarPerm extractEntry example/whiteboard/node_modules/ejs/test/ejs.test.js
476 silly gunzTarPerm extractEntry example/whiteboard/node_modules/express/package.json
477 silly gunzTarPerm extractEntry example/whiteboard/node_modules/express/.npmignore
478 silly gunzTarPerm extractEntry example/whiteboard/node_modules/express/LICENSE
479 silly gunzTarPerm extractEntry example/whiteboard/node_modules/express/index.js
480 silly gunzTarPerm extractEntry example/whiteboard/node_modules/express/lib/express.js
481 silly gunzTarPerm extractEntry example/whiteboard/node_modules/express/lib/http.js
482 silly gunzTarPerm extractEntry example/whiteboard/node_modules/express/lib/https.js
483 silly gunzTarPerm extractEntry example/whiteboard/node_modules/express/lib/request.js
484 silly gunzTarPerm extractEntry example/whiteboard/node_modules/express/lib/response.js
485 silly gunzTarPerm extractEntry example/whiteboard/node_modules/express/lib/utils.js
486 silly gunzTarPerm extractEntry example/whiteboard/node_modules/express/lib/view.js
487 silly gunzTarPerm extractEntry example/whiteboard/node_modules/express/lib/router/collection.js
488 silly gunzTarPerm extractEntry example/whiteboard/node_modules/express/lib/router/index.js
489 silly gunzTarPerm extractEntry example/whiteboard/node_modules/express/lib/router/methods.js
490 silly gunzTarPerm extractEntry example/whiteboard/node_modules/express/lib/router/route.js
491 silly gunzTarPerm extractEntry example/whiteboard/node_modules/express/lib/view/partial.js
492 silly gunzTarPerm extractEntry example/whiteboard/node_modules/express/lib/view/view.js
493 silly gunzTarPerm extractEntry example/whiteboard/node_modules/express/bin/express
494 silly gunzTarPerm extractEntry example/whiteboard/node_modules/express/Makefile
495 silly gunzTarPerm extractEntry example/whiteboard/node_modules/express/History.md
496 silly gunzTarPerm extractEntry example/whiteboard/node_modules/express/Readme.md
497 silly gunzTarPerm extractEntry example/whiteboard/node_modules/express/testing/index.js
498 silly gunzTarPerm extractEntry example/whiteboard/node_modules/express/testing/foo/package.json
499 silly gunzTarPerm extractEntry example/whiteboard/node_modules/express/testing/foo/app.js
500 silly gunzTarPerm extractEntry example/whiteboard/node_modules/express/testing/foo/public/stylesheets/style.css
501 silly gunzTarPerm extractEntry example/whiteboard/node_modules/express/testing/foo/routes/index.js
502 silly gunzTarPerm extractEntry example/whiteboard/node_modules/express/testing/foo/views/index.jade
503 silly gunzTarPerm extractEntry example/whiteboard/node_modules/express/testing/foo/views/layout.jade
504 silly gunzTarPerm extractEntry example/whiteboard/node_modules/express/testing/public/test.txt
505 silly gunzTarPerm extractEntry example/whiteboard/node_modules/express/testing/views/page.html
506 silly gunzTarPerm extractEntry example/whiteboard/node_modules/express/testing/views/page.jade
507 silly gunzTarPerm extractEntry example/whiteboard/node_modules/express/testing/views/test.md
508 silly gunzTarPerm extractEntry example/whiteboard/node_modules/express/testing/views/user/index.jade
509 silly gunzTarPerm extractEntry example/whiteboard/node_modules/express/testing/views/user/list.jade
510 silly gunzTarPerm extractEntry lib/Constants.js
511 silly gunzTarPerm extractEntry lib/Validation.js
512 silly gunzTarPerm extractEntry lib/websocket.js
513 silly gunzTarPerm extractEntry lib/WebSocketClient.js
514 silly gunzTarPerm extractEntry lib/utils.js
515 silly gunzTarPerm extractEntry lib/WebSocketFrame.js
516 silly gunzTarPerm extractEntry lib/WebSocketRequest.js
517 silly gunzTarPerm extractEntry lib/WebSocketRouter.js
518 silly gunzTarPerm extractEntry lib/WebSocketRouterRequest.js
519 silly gunzTarPerm extractEntry lib/WebSocketServer.js
520 silly gunzTarPerm extractEntry lib/WebSocketConnection.js
521 silly gunzTarPerm extractEntry src/validation.cc
522 silly gunzTarPerm extractEntry vendor/FastBufferList.js
523 silly gunzTarPerm extractEntry vendor/node-ctype/ctio-faster.js
524 silly gunzTarPerm extractEntry wscript
525 verbose read json /Users/Cicucci/.npm/websocket/1.0.6/package/package.json
526 silly lockFile 1eff90fd-ucci-npm-websocket-1-0-6-package /Users/Cicucci/.npm/websocket/1.0.6/package
527 silly shasum updated bytes 40960
528 silly shasum updated bytes 40960
529 silly shasum updated bytes 15040
530 info shasum 1b4f566d300048e20e356fe87a724eff0c949603
530 info shasum /Users/Cicucci/.npm/websocket/1.0.6/package.tgz
531 verbose from cache /Users/Cicucci/.npm/websocket/1.0.6/package/package.json
532 verbose chmod /Users/Cicucci/.npm/websocket/1.0.6/package.tgz 644
533 verbose chown /Users/Cicucci/.npm/websocket/1.0.6/package.tgz [ 501, 20 ]
534 silly lockFile 318b8fae-rg-websocket-websocket-1-0-6-tgz https://registry.npmjs.org/websocket/-/websocket-1.0.6.tgz
535 silly lockFile f791cd00-websocket-1-0-6 websocket@1.0.6
536 silly lockFile 75462c75-websocket websocket@
537 silly resolved [ { name: 'websocket',
537 silly resolved     description: 'Websocket Client & Server Library tracking the latest protocol drafts from the IETF.',
537 silly resolved     keywords: [ 'websocket', 'socket', 'networking', 'comet', 'push' ],
537 silly resolved     author: { name: 'Brian McKelvey', email: 'brian@worlize.com' },
537 silly resolved     version: '1.0.6',
537 silly resolved     repository:
537 silly resolved      { type: 'git',
537 silly resolved        url: 'https://theturtle32@github.com/Worlize/WebSocket-Node.git' },
537 silly resolved     engines: { node: '>=0.6.13' },
537 silly resolved     main: 'index',
537 silly resolved     directories: { lib: './lib' },
537 silly resolved     scripts: { install: 'node-gyp rebuild' },
537 silly resolved     gypfile: true,
537 silly resolved     _id: 'websocket@1.0.6',
537 silly resolved     dist: { shasum: '1b4f566d300048e20e356fe87a724eff0c949603' },
537 silly resolved     _from: 'websocket' } ]
538 info install websocket@1.0.6 into /Users/Cicucci/Documents/Development/vrvhackday/server
539 info installOne websocket@1.0.6
540 verbose from cache /Users/Cicucci/.npm/websocket/1.0.6/package/package.json
541 info /Users/Cicucci/Documents/Development/vrvhackday/server/node_modules/websocket unbuild
542 verbose read json /Users/Cicucci/Documents/Development/vrvhackday/server/node_modules/websocket/package.json
543 verbose tar unpack /Users/Cicucci/.npm/websocket/1.0.6/package.tgz
544 silly lockFile 7785f54a-ay-server-node-modules-websocket /Users/Cicucci/Documents/Development/vrvhackday/server/node_modules/websocket
545 verbose lock /Users/Cicucci/Documents/Development/vrvhackday/server/node_modules/websocket /Users/Cicucci/.npm/7785f54a-ay-server-node-modules-websocket.lock
546 silly gunzTarPerm modes [ '755', '644' ]
547 silly gunzTarPerm extractEntry package.json
548 silly gunzTarPerm extractEntry index.js
549 silly gunzTarPerm extractEntry binding.gyp
550 silly gunzTarPerm extractEntry build/Release/.deps/Release/obj.target/validation/src/validation.o.d
551 silly gunzTarPerm extractEntry build/Release/.deps/Release/validation.node.d
552 silly gunzTarPerm extractEntry example/whiteboard/node_modules/ejs/package.json
553 silly gunzTarPerm extractEntry example/whiteboard/node_modules/ejs/.npmignore
554 silly gunzTarPerm extractEntry example/whiteboard/node_modules/ejs/index.js
555 silly gunzTarPerm extractEntry example/whiteboard/node_modules/ejs/benchmark.js
556 silly gunzTarPerm extractEntry example/whiteboard/node_modules/ejs/ejs.js
557 silly gunzTarPerm extractEntry example/whiteboard/node_modules/ejs/ejs.min.js
558 silly gunzTarPerm extractEntry example/whiteboard/node_modules/ejs/History.md
559 silly gunzTarPerm extractEntry example/whiteboard/node_modules/ejs/.gitmodules
560 silly gunzTarPerm extractEntry example/whiteboard/node_modules/ejs/lib/ejs.js
561 silly gunzTarPerm extractEntry example/whiteboard/node_modules/ejs/lib/filters.js
562 silly gunzTarPerm extractEntry example/whiteboard/node_modules/ejs/lib/utils.js
563 silly gunzTarPerm extractEntry example/whiteboard/node_modules/ejs/Makefile
564 silly gunzTarPerm extractEntry example/whiteboard/node_modules/ejs/examples/list.js
565 silly gunzTarPerm extractEntry example/whiteboard/node_modules/ejs/examples/client.html
566 silly gunzTarPerm extractEntry example/whiteboard/node_modules/ejs/examples/list.ejs
567 silly gunzTarPerm extractEntry example/whiteboard/node_modules/ejs/Readme.md
568 silly gunzTarPerm extractEntry example/whiteboard/node_modules/ejs/support/compile.js
569 silly gunzTarPerm extractEntry example/whiteboard/node_modules/ejs/support/expresso/package.json
570 silly gunzTarPerm extractEntry example/whiteboard/node_modules/ejs/support/expresso/.npmignore
571 silly gunzTarPerm extractEntry example/whiteboard/node_modules/ejs/support/expresso/.gitmodules
572 silly gunzTarPerm extractEntry example/whiteboard/node_modules/ejs/support/expresso/bin/expresso
573 silly gunzTarPerm extractEntry example/whiteboard/node_modules/ejs/support/expresso/docs/api.html
574 silly gunzTarPerm extractEntry example/whiteboard/node_modules/ejs/support/expresso/docs/index.html
575 silly gunzTarPerm extractEntry example/whiteboard/node_modules/ejs/support/expresso/docs/index.md
576 silly gunzTarPerm extractEntry example/whiteboard/node_modules/ejs/support/expresso/docs/layout/foot.html
577 silly gunzTarPerm extractEntry example/whiteboard/node_modules/ejs/support/expresso/docs/layout/head.html
578 silly gunzTarPerm extractEntry example/whiteboard/node_modules/ejs/support/expresso/History.md
579 silly gunzTarPerm extractEntry example/whiteboard/node_modules/ejs/support/expresso/lib/bar.js
580 silly gunzTarPerm extractEntry example/whiteboard/node_modules/ejs/support/expresso/lib/foo.js
581 silly gunzTarPerm extractEntry example/whiteboard/node_modules/ejs/support/expresso/Makefile
582 silly gunzTarPerm extractEntry example/whiteboard/node_modules/ejs/support/expresso/Readme.md
583 silly gunzTarPerm extractEntry example/whiteboard/node_modules/ejs/support/expresso/test/assert.test.js
584 silly gunzTarPerm extractEntry example/whiteboard/node_modules/ejs/support/expresso/test/async.test.js
585 silly gunzTarPerm extractEntry example/whiteboard/node_modules/ejs/support/expresso/test/bar.test.js
586 silly gunzTarPerm extractEntry example/whiteboard/node_modules/ejs/support/expresso/test/foo.test.js
587 silly gunzTarPerm extractEntry example/whiteboard/node_modules/ejs/support/expresso/test/http.test.js
588 silly gunzTarPerm extractEntry example/whiteboard/node_modules/ejs/test/ejs.test.js
589 silly gunzTarPerm extractEntry example/whiteboard/node_modules/express/package.json
590 silly gunzTarPerm extractEntry example/whiteboard/node_modules/express/.npmignore
591 silly gunzTarPerm extractEntry example/whiteboard/node_modules/express/LICENSE
592 silly gunzTarPerm extractEntry example/whiteboard/node_modules/express/index.js
593 silly gunzTarPerm extractEntry example/whiteboard/node_modules/express/lib/express.js
594 silly gunzTarPerm extractEntry example/whiteboard/node_modules/express/lib/http.js
595 silly gunzTarPerm extractEntry example/whiteboard/node_modules/express/lib/https.js
596 silly gunzTarPerm extractEntry example/whiteboard/node_modules/express/lib/request.js
597 silly gunzTarPerm extractEntry example/whiteboard/node_modules/express/lib/response.js
598 silly gunzTarPerm extractEntry example/whiteboard/node_modules/express/lib/utils.js
599 silly gunzTarPerm extractEntry example/whiteboard/node_modules/express/lib/view.js
600 silly gunzTarPerm extractEntry example/whiteboard/node_modules/express/lib/router/collection.js
601 silly gunzTarPerm extractEntry example/whiteboard/node_modules/express/lib/router/index.js
602 silly gunzTarPerm extractEntry example/whiteboard/node_modules/express/lib/router/methods.js
603 silly gunzTarPerm extractEntry example/whiteboard/node_modules/express/lib/router/route.js
604 silly gunzTarPerm extractEntry example/whiteboard/node_modules/express/lib/view/partial.js
605 silly gunzTarPerm extractEntry example/whiteboard/node_modules/express/lib/view/view.js
606 silly gunzTarPerm extractEntry example/whiteboard/node_modules/express/bin/express
607 silly gunzTarPerm extractEntry example/whiteboard/node_modules/express/Makefile
608 silly gunzTarPerm extractEntry example/whiteboard/node_modules/express/History.md
609 silly gunzTarPerm extractEntry example/whiteboard/node_modules/express/Readme.md
610 silly gunzTarPerm extractEntry example/whiteboard/node_modules/express/testing/index.js
611 silly gunzTarPerm extractEntry example/whiteboard/node_modules/express/testing/foo/package.json
612 silly gunzTarPerm extractEntry example/whiteboard/node_modules/express/testing/foo/app.js
613 silly gunzTarPerm extractEntry example/whiteboard/node_modules/express/testing/foo/public/stylesheets/style.css
614 silly gunzTarPerm extractEntry example/whiteboard/node_modules/express/testing/foo/routes/index.js
615 silly gunzTarPerm extractEntry example/whiteboard/node_modules/express/testing/foo/views/index.jade
616 silly gunzTarPerm extractEntry example/whiteboard/node_modules/express/testing/foo/views/layout.jade
617 silly gunzTarPerm extractEntry example/whiteboard/node_modules/express/testing/public/test.txt
618 silly gunzTarPerm extractEntry example/whiteboard/node_modules/express/testing/views/page.html
619 silly gunzTarPerm extractEntry example/whiteboard/node_modules/express/testing/views/page.jade
620 silly gunzTarPerm extractEntry example/whiteboard/node_modules/express/testing/views/test.md
621 silly gunzTarPerm extractEntry example/whiteboard/node_modules/express/testing/views/user/index.jade
622 silly gunzTarPerm extractEntry example/whiteboard/node_modules/express/testing/views/user/list.jade
623 silly gunzTarPerm extractEntry lib/Constants.js
624 silly gunzTarPerm extractEntry lib/Validation.js
625 silly gunzTarPerm extractEntry lib/websocket.js
626 silly gunzTarPerm extractEntry lib/WebSocketClient.js
627 silly gunzTarPerm extractEntry lib/utils.js
628 silly gunzTarPerm extractEntry lib/WebSocketFrame.js
629 silly gunzTarPerm extractEntry lib/WebSocketRequest.js
630 silly gunzTarPerm extractEntry lib/WebSocketRouter.js
631 silly gunzTarPerm extractEntry lib/WebSocketRouterRequest.js
632 silly gunzTarPerm extractEntry lib/WebSocketServer.js
633 silly gunzTarPerm extractEntry lib/WebSocketConnection.js
634 silly gunzTarPerm extractEntry src/validation.cc
635 silly gunzTarPerm extractEntry vendor/FastBufferList.js
636 silly gunzTarPerm extractEntry vendor/node-ctype/ctio-faster.js
637 silly gunzTarPerm extractEntry wscript
638 verbose read json /Users/Cicucci/Documents/Development/vrvhackday/server/node_modules/websocket/package.json
639 silly lockFile 7785f54a-ay-server-node-modules-websocket /Users/Cicucci/Documents/Development/vrvhackday/server/node_modules/websocket
640 info preinstall websocket@1.0.6
641 verbose from cache /Users/Cicucci/Documents/Development/vrvhackday/server/node_modules/websocket/package.json
642 verbose readDependencies using package.json deps
643 verbose from cache /Users/Cicucci/Documents/Development/vrvhackday/server/node_modules/websocket/package.json
644 verbose readDependencies using package.json deps
645 silly resolved []
646 verbose about to build /Users/Cicucci/Documents/Development/vrvhackday/server/node_modules/websocket
647 info build /Users/Cicucci/Documents/Development/vrvhackday/server/node_modules/websocket
648 verbose from cache /Users/Cicucci/Documents/Development/vrvhackday/server/node_modules/websocket/package.json
649 verbose linkStuff [ false,
649 verbose linkStuff   false,
649 verbose linkStuff   false,
649 verbose linkStuff   '/Users/Cicucci/Documents/Development/vrvhackday/server/node_modules' ]
650 info linkStuff websocket@1.0.6
651 verbose linkBins websocket@1.0.6
652 verbose linkMans websocket@1.0.6
653 verbose rebuildBundles websocket@1.0.6
654 info install websocket@1.0.6
655 verbose unsafe-perm in lifecycle true
656 silly exec sh "-c" "node-gyp rebuild"
657 silly sh,-c,node-gyp rebuild,/Users/Cicucci/Documents/Development/vrvhackday/server/node_modules/websocket spawning
658 info websocket@1.0.6 Failed to exec install script
659 info /Users/Cicucci/Documents/Development/vrvhackday/server/node_modules/websocket unbuild
660 verbose from cache /Users/Cicucci/Documents/Development/vrvhackday/server/node_modules/websocket/package.json
661 info preuninstall websocket@1.0.6
662 info uninstall websocket@1.0.6
663 verbose true,/Users/Cicucci/Documents/Development/vrvhackday/server/node_modules,/Users/Cicucci/Documents/Development/vrvhackday/server/node_modules unbuild websocket@1.0.6
664 info postuninstall websocket@1.0.6
665 error websocket@1.0.6 install: `node-gyp rebuild`
665 error `sh "-c" "node-gyp rebuild"` failed with 1
666 error Failed at the websocket@1.0.6 install script.
666 error This is most likely a problem with the websocket package,
666 error not with npm itself.
666 error Tell the author that this fails on your system:
666 error     node-gyp rebuild
666 error You can get their info via:
666 error     npm owner ls websocket
666 error There is likely additional logging output above.
667 error System Darwin 12.0.0
668 error command "node" "/usr/local/bin/npm" "install" "websocket"
669 error cwd /Users/Cicucci/Documents/Development/vrvhackday/server
670 error node -v v0.8.2
671 error npm -v 1.1.36
672 error code ELIFECYCLE
673 error message websocket@1.0.6 install: `node-gyp rebuild`
673 error message `sh "-c" "node-gyp rebuild"` failed with 1
674 verbose exit [ 1, true ]
